<?xml version="1.0" encoding="UTF-8"?>
<!-- Generated by org.testng.reporters.JUnitXMLReporter -->
<testsuite hostname="VaishaliRajput" ignored="0" name="Default test" tests="5" failures="0" timestamp="21 Aug 2018 07:57:16 GMT" time="19.522" errors="0">
  <testcase name="homeScreenUIValidation" time="0.018" classname="tests.Login.LogInTestBaseClass"/>
  <testcase name="logInScreenUIValidation" time="0.009" classname="tests.Login.LogInTestBaseClass"/>
  <testcase name="logInUsingInvalidPassword" time="0.034" classname="tests.Login.LogInTestBaseClass"/>
  <testcase name="logInUsingInvalidUserId" time="0.006" classname="tests.Login.LogInTestBaseClass"/>
  <testcase name="loginUsingValidUserID" time="19.331" classname="tests.Login.LogInTestBaseClass"/>
</testsuite> <!-- Default test -->
