<?xml version="1.0" encoding="UTF-8"?>
<!-- Generated by org.testng.reporters.JUnitXMLReporter -->
<testsuite hostname="VaishaliRajput" ignored="0" name="Default test" tests="5" failures="0" timestamp="21 Aug 2018 11:06:59 GMT" time="19.158" errors="0">
  <testcase name="homeScreenUIValidation" time="0.037" classname="tests.Login.LogInTestBaseClass"/>
  <testcase name="logInScreenUIValidation" time="5.116" classname="tests.Login.LogInTestBaseClass"/>
  <testcase name="logInUsingInvalidPassword" time="0.004" classname="tests.Login.LogInTestBaseClass"/>
  <testcase name="logInUsingInvalidUserId" time="0.007" classname="tests.Login.LogInTestBaseClass"/>
  <testcase name="loginUsingValidUserID" time="13.875" classname="tests.Login.LogInTestBaseClass"/>
</testsuite> <!-- Default test -->
